  Source.cpp
C:\личное\kar\второй курс\прога\лб\repos\repos\LB2\LB2\Source.cpp(88,1): error C2059: синтаксическая ошибка: [
C:\личное\kar\второй курс\прога\лб\repos\repos\LB2\LB2\Source.cpp(187,34): warning C4305: инициализация: усечение из "double" в "float"
C:\личное\kar\второй курс\прога\лб\repos\repos\LB2\LB2\Source.cpp(230,5): error C2146: синтаксическая ошибка: отсутствие ";" перед идентификатором "n3"
C:\личное\kar\второй курс\прога\лб\repos\repos\LB2\LB2\Source.cpp(243,7): error C2143: синтаксическая ошибка: отсутствие ";" перед "<<"
C:\личное\kar\второй курс\прога\лб\repos\repos\LB2\LB2\Source.cpp(243,7): error C4430: отсутствует спецификатор типа - предполагается int. Примечание. C++ не поддерживает int по умолчанию
C:\личное\kar\второй курс\прога\лб\repos\repos\LB2\LB2\Source.cpp(244,7): error C2143: синтаксическая ошибка: отсутствие ";" перед "<<"
C:\личное\kar\второй курс\прога\лб\repos\repos\LB2\LB2\Source.cpp(244,7): error C4430: отсутствует спецификатор типа - предполагается int. Примечание. C++ не поддерживает int по умолчанию
C:\личное\kar\второй курс\прога\лб\repos\repos\LB2\LB2\Source.cpp(244,2): error C2086: int cout: переопределение
C:\личное\kar\второй курс\прога\лб\repos\repos\LB2\LB2\Source.cpp(243): message : см. объявление "cout"
C:\личное\kar\второй курс\прога\лб\repos\repos\LB2\LB2\Source.cpp(245,7): error C2143: синтаксическая ошибка: отсутствие ";" перед "<<"
C:\личное\kar\второй курс\прога\лб\repos\repos\LB2\LB2\Source.cpp(245,7): error C4430: отсутствует спецификатор типа - предполагается int. Примечание. C++ не поддерживает int по умолчанию
C:\личное\kar\второй курс\прога\лб\repos\repos\LB2\LB2\Source.cpp(245,2): error C2086: int cout: переопределение
C:\личное\kar\второй курс\прога\лб\repos\repos\LB2\LB2\Source.cpp(243): message : см. объявление "cout"
C:\личное\kar\второй курс\прога\лб\repos\repos\LB2\LB2\Source.cpp(246,7): error C2143: синтаксическая ошибка: отсутствие ";" перед "<<"
C:\личное\kar\второй курс\прога\лб\repos\repos\LB2\LB2\Source.cpp(246,7): error C4430: отсутствует спецификатор типа - предполагается int. Примечание. C++ не поддерживает int по умолчанию
C:\личное\kar\второй курс\прога\лб\repos\repos\LB2\LB2\Source.cpp(246,2): error C2086: int cout: переопределение
C:\личное\kar\второй курс\прога\лб\repos\repos\LB2\LB2\Source.cpp(243): message : см. объявление "cout"
C:\личное\kar\второй курс\прога\лб\repos\repos\LB2\LB2\Source.cpp(249,7): error C2143: синтаксическая ошибка: отсутствие ";" перед "<<"
C:\личное\kar\второй курс\прога\лб\repos\repos\LB2\LB2\Source.cpp(249,7): error C4430: отсутствует спецификатор типа - предполагается int. Примечание. C++ не поддерживает int по умолчанию
C:\личное\kar\второй курс\прога\лб\repos\repos\LB2\LB2\Source.cpp(249,2): error C2086: int cout: переопределение
C:\личное\kar\второй курс\прога\лб\repos\repos\LB2\LB2\Source.cpp(243): message : см. объявление "cout"
C:\личное\kar\второй курс\прога\лб\repos\repos\LB2\LB2\Source.cpp(250,16): error C4430: отсутствует спецификатор типа - предполагается int. Примечание. C++ не поддерживает int по умолчанию
C:\личное\kar\второй курс\прога\лб\repos\repos\LB2\LB2\Source.cpp(250,2): error C2365: system: переопределение; предыдущим определением было "функция"
C:\Program Files (x86)\Windows Kits\10\Include\10.0.18362.0\ucrt\stdlib.h(1218): message : см. объявление "system"
C:\личное\kar\второй курс\прога\лб\repos\repos\LB2\LB2\Source.cpp(251,2): error C2059: синтаксическая ошибка: return
C:\личное\kar\второй курс\прога\лб\repos\repos\LB2\LB2\Source.cpp(252,1): error C2059: синтаксическая ошибка: }
C:\личное\kar\второй курс\прога\лб\repos\repos\LB2\LB2\Source.cpp(252,1): error C2143: синтаксическая ошибка: отсутствие ";" перед "}"
